<?xml version="1.0" encoding="UTF-8"?>
<testsuite xmlns:xsi="http://www.w3.org/2001/XMLSchema-instance" xsi:noNamespaceSchemaLocation="https://maven.apache.org/surefire/maven-surefire-plugin/xsd/surefire-test-report-3.0.xsd" version="3.0" name="StringInputTest" time="0.029" tests="6" errors="0" skipped="0" failures="0">
  <properties>
[...]
</properties>
  <testcase name="testIsNotPalindrome" classname="StringInputTest" time="0.015"/>
  <testcase name="testIsPalindrome" classname="StringInputTest" time="0.001"/>
  <testcase name="testNegativeConcat" classname="StringInputTest" time="0.001"/>
  <testcase name="testReverse" classname="StringInputTest" time="0.001"/>
  <testcase name="testNegativeReverse" classname="StringInputTest" time="0.001"/>
  <testcase name="testConcat" classname="StringInputTest" time="0.001"/>
</testsuite>